<?xml version="1.0" encoding="UTF-8"?>
<coverage generated="1642255154446" clover="3.2.0">
  <project timestamp="1642255154447" name="All files">
    <metrics statements="7" coveredstatements="7" conditionals="10" coveredconditionals="10" methods="3" coveredmethods="3" elements="20" coveredelements="20" complexity="0" loc="7" ncloc="7" packages="1" files="2" classes="2"/>
    <file name="classifyStudent.js" path="/home/cuong/Workspace/js/src/unitTest/classifyStudent.js">
      <metrics statements="5" coveredstatements="5" conditionals="10" coveredconditionals="10" methods="1" coveredmethods="1"/>
      <line num="2" count="11" type="cond" truecount="4" falsecount="0"/>
      <line num="4" count="10" type="cond" truecount="2" falsecount="0"/>
      <line num="5" count="8" type="cond" truecount="2" falsecount="0"/>
      <line num="6" count="6" type="cond" truecount="2" falsecount="0"/>
      <line num="8" count="3" type="stmt"/>
    </file>
    <file name="main.js" path="/home/cuong/Workspace/js/src/unitTest/main.js">
      <metrics statements="2" coveredstatements="2" conditionals="0" coveredconditionals="0" methods="2" coveredmethods="2"/>
      <line num="4" count="1" type="stmt"/>
      <line num="8" count="1" type="stmt"/>
    </file>
  </project>
</coverage>
