{"/home/cuong/Workspace/js/src/unitTest/classifyStudent.js": {"path":"/home/cuong/Workspace/js/src/unitTest/classifyStudent.js","statementMap":{"0":{"start":{"line":2,"column":5},"end":{"line":2,"column":55}},"1":{"start":{"line":2,"column":32},"end":{"line":2,"column":55}},"2":{"start":{"line":4,"column":5},"end":{"line":4,"column":39}},"3":{"start":{"line":4,"column":19},"end":{"line":4,"column":39}},"4":{"start":{"line":5,"column":5},"end":{"line":5,"column":34}},"5":{"start":{"line":5,"column":20},"end":{"line":5,"column":34}},"6":{"start":{"line":6,"column":5},"end":{"line":6,"column":38}},"7":{"start":{"line":6,"column":20},"end":{"line":6,"column":38}},"8":{"start":{"line":8,"column":5},"end":{"line":8,"column":17}}},"fnMap":{"0":{"name":"classifyStudent","decl":{"start":{"line":1,"column":17},"end":{"line":1,"column":32}},"loc":{"start":{"line":1,"column":39},"end":{"line":9,"column":2}},"line":1}},"branchMap":{"0":{"loc":{"start":{"line":2,"column":5},"end":{"line":2,"column":55}},"type":"if","locations":[{"start":{"line":2,"column":5},"end":{"line":2,"column":55}},{"start":{},"end":{}}],"line":2},"1":{"loc":{"start":{"line":2,"column":9},"end":{"line":2,"column":30}},"type":"binary-expr","locations":[{"start":{"line":2,"column":9},"end":{"line":2,"column":17}},{"start":{"line":2,"column":21},"end":{"line":2,"column":30}}],"line":2},"2":{"loc":{"start":{"line":4,"column":5},"end":{"line":4,"column":39}},"type":"if","locations":[{"start":{"line":4,"column":5},"end":{"line":4,"column":39}},{"start":{},"end":{}}],"line":4},"3":{"loc":{"start":{"line":5,"column":5},"end":{"line":5,"column":34}},"type":"if","locations":[{"start":{"line":5,"column":5},"end":{"line":5,"column":34}},{"start":{},"end":{}}],"line":5},"4":{"loc":{"start":{"line":6,"column":5},"end":{"line":6,"column":38}},"type":"if","locations":[{"start":{"line":6,"column":5},"end":{"line":6,"column":38}},{"start":{},"end":{}}],"line":6}},"s":{"0":11,"1":1,"2":10,"3":2,"4":8,"5":2,"6":6,"7":3,"8":3},"f":{"0":11},"b":{"0":[1,10],"1":[11,10],"2":[2,8],"3":[2,6],"4":[3,3]},"_coverageSchema":"1a1c01bbd47fc00a2c39e90264f33305004495a9","hash":"9b4e8732d165f9688a55b041d8d1f5537a55e2b1"}
,"/home/cuong/Workspace/js/src/unitTest/main.js": {"path":"/home/cuong/Workspace/js/src/unitTest/main.js","statementMap":{"0":{"start":{"line":4,"column":4},"end":{"line":4,"column":17}},"1":{"start":{"line":8,"column":4},"end":{"line":8,"column":17}}},"fnMap":{"0":{"name":"sum","decl":{"start":{"line":3,"column":16},"end":{"line":3,"column":19}},"loc":{"start":{"line":3,"column":26},"end":{"line":5,"column":1}},"line":3},"1":{"name":"multiply","decl":{"start":{"line":7,"column":16},"end":{"line":7,"column":24}},"loc":{"start":{"line":7,"column":31},"end":{"line":9,"column":1}},"line":7}},"branchMap":{},"s":{"0":1,"1":1},"f":{"0":1,"1":1},"b":{},"_coverageSchema":"1a1c01bbd47fc00a2c39e90264f33305004495a9","hash":"b343b544e092061344f71aba978278863be8c727"}
}
